<?xml version="1.0" encoding="UTF-8"?>
<testng-results ignored="0" total="1" passed="1" failed="0" skipped="0">
  <reporter-output>
    <line>
      <![CDATA[project created successfully]]>
    </line>
  </reporter-output>
  <suite started-at="2023-07-26T12:51:41 IST" name="Default suite" finished-at="2023-07-26T12:52:16 IST" duration-ms="35303">
    <groups>
    </groups>
    <test started-at="2023-07-26T12:51:41 IST" name="Default test" finished-at="2023-07-26T12:52:16 IST" duration-ms="35303">
      <class name="Projects.AddProjectTest">
        <test-method is-config="true" signature="DbCongig()[pri:0, instance:Projects.AddProjectTest@235ecd9f]" started-at="2023-07-26T12:51:41 IST" name="DbCongig" finished-at="2023-07-26T12:51:41 IST" duration-ms="10" status="PASS">
          <reporter-output>
          </reporter-output>
        </test-method> <!-- DbCongig -->
        <test-method is-config="true" signature="launchBrowser()[pri:0, instance:Projects.AddProjectTest@235ecd9f]" started-at="2023-07-26T12:51:41 IST" name="launchBrowser" finished-at="2023-07-26T12:51:45 IST" duration-ms="3979" status="PASS">
          <reporter-output>
          </reporter-output>
        </test-method> <!-- launchBrowser -->
        <test-method is-config="true" signature="LoginToApp()[pri:0, instance:Projects.AddProjectTest@235ecd9f]" started-at="2023-07-26T12:51:45 IST" name="LoginToApp" finished-at="2023-07-26T12:52:05 IST" duration-ms="19586" status="PASS">
          <reporter-output>
          </reporter-output>
        </test-method> <!-- LoginToApp -->
        <test-method signature="createProject()[pri:0, instance:Projects.AddProjectTest@235ecd9f]" started-at="2023-07-26T12:52:05 IST" name="createProject" finished-at="2023-07-26T12:52:11 IST" duration-ms="6762" status="PASS">
          <reporter-output>
            <line>
              <![CDATA[project created successfully]]>
            </line>
          </reporter-output>
        </test-method> <!-- createProject -->
        <test-method is-config="true" signature="logoutFromApp()[pri:0, instance:Projects.AddProjectTest@235ecd9f]" started-at="2023-07-26T12:52:11 IST" name="logoutFromApp" finished-at="2023-07-26T12:52:16 IST" duration-ms="4728" status="PASS">
          <reporter-output>
          </reporter-output>
        </test-method> <!-- logoutFromApp -->
        <test-method is-config="true" signature="closeBrowser()[pri:0, instance:Projects.AddProjectTest@235ecd9f]" started-at="2023-07-26T12:52:16 IST" name="closeBrowser" finished-at="2023-07-26T12:52:16 IST" duration-ms="221" status="PASS">
          <reporter-output>
          </reporter-output>
        </test-method> <!-- closeBrowser -->
        <test-method is-config="true" signature="dBClose()[pri:0, instance:Projects.AddProjectTest@235ecd9f]" started-at="2023-07-26T12:52:17 IST" name="dBClose" finished-at="2023-07-26T12:52:17 IST" duration-ms="1" status="PASS">
          <reporter-output>
          </reporter-output>
        </test-method> <!-- dBClose -->
      </class> <!-- Projects.AddProjectTest -->
    </test> <!-- Default test -->
  </suite> <!-- Default suite -->
</testng-results>
