<?xml version="1.0" encoding="UTF-8"?>
<testng-results ignored="0" total="1" passed="1" failed="0" skipped="0">
  <reporter-output>
  </reporter-output>
  <suite started-at="2023-07-27T15:07:23 IST" name="Default suite" finished-at="2023-07-27T15:07:25 IST" duration-ms="1699">
    <groups>
    </groups>
    <test started-at="2023-07-27T15:07:23 IST" name="Default test" finished-at="2023-07-27T15:07:25 IST" duration-ms="1699">
      <class name="ResponseBodyValidate.HeaderValidationTest">
        <test-method signature="headerValidation()[pri:0, instance:ResponseBodyValidate.HeaderValidationTest@576d5deb]" started-at="2023-07-27T15:07:23 IST" name="headerValidation" finished-at="2023-07-27T15:07:25 IST" duration-ms="1660" status="PASS">
          <reporter-output>
          </reporter-output>
        </test-method> <!-- headerValidation -->
      </class> <!-- ResponseBodyValidate.HeaderValidationTest -->
    </test> <!-- Default test -->
  </suite> <!-- Default suite -->
</testng-results>
